<?xml version="1.0" encoding="UTF-8"?>
<testsuite xmlns:xsi="http://www.w3.org/2001/XMLSchema-instance" xsi:noNamespaceSchemaLocation="https://maven.apache.org/surefire/maven-surefire-plugin/xsd/surefire-test-report.xsd" name="com.ayan.AppTest" time="7.843" tests="1" errors="1" skipped="0" failures="0">
  <properties>
    <property name="java.specification.version" value="18"/>
    <property name="sun.cpu.isalist" value="amd64"/>
    <property name="sun.jnu.encoding" value="GBK"/>
    <property name="java.class.path" value="d:\作业\网课资料\javaProject\videoviewer\target\test-classes;d:\作业\网课资料\javaProject\videoviewer\target\classes;C:\Program Files\apache-maven-3.6.3\denpency\org\jsoup\jsoup\1.15.2\jsoup-1.15.2.jar;C:\Program Files\apache-maven-3.6.3\denpency\org\apache\httpcomponents\httpclient\4.5.13\httpclient-4.5.13.jar;C:\Program Files\apache-maven-3.6.3\denpency\org\apache\httpcomponents\httpcore\4.4.13\httpcore-4.4.13.jar;C:\Program Files\apache-maven-3.6.3\denpency\commons-logging\commons-logging\1.2\commons-logging-1.2.jar;C:\Program Files\apache-maven-3.6.3\denpency\commons-codec\commons-codec\1.11\commons-codec-1.11.jar;C:\Program Files\apache-maven-3.6.3\denpency\org\seleniumhq\selenium\selenium-java\4.0.0\selenium-java-4.0.0.jar;C:\Program Files\apache-maven-3.6.3\denpency\org\seleniumhq\selenium\selenium-api\4.0.0\selenium-api-4.0.0.jar;C:\Program Files\apache-maven-3.6.3\denpency\org\seleniumhq\selenium\selenium-chrome-driver\4.0.0\selenium-chrome-driver-4.0.0.jar;C:\Program Files\apache-maven-3.6.3\denpency\com\google\auto\service\auto-service-annotations\1.0\auto-service-annotations-1.0.jar;C:\Program Files\apache-maven-3.6.3\denpency\com\google\auto\service\auto-service\1.0\auto-service-1.0.jar;C:\Program Files\apache-maven-3.6.3\denpency\com\google\auto\auto-common\1.0\auto-common-1.0.jar;C:\Program Files\apache-maven-3.6.3\denpency\com\google\guava\guava\31.0.1-jre\guava-31.0.1-jre.jar;C:\Program Files\apache-maven-3.6.3\denpency\com\google\guava\failureaccess\1.0.1\failureaccess-1.0.1.jar;C:\Program Files\apache-maven-3.6.3\denpency\com\google\guava\listenablefuture\9999.0-empty-to-avoid-conflict-with-guava\listenablefuture-9999.0-empty-to-avoid-conflict-with-guava.jar;C:\Program Files\apache-maven-3.6.3\denpency\com\google\code\findbugs\jsr305\3.0.2\jsr305-3.0.2.jar;C:\Program Files\apache-maven-3.6.3\denpency\org\checkerframework\checker-qual\3.12.0\checker-qual-3.12.0.jar;C:\Program Files\apache-maven-3.6.3\denpency\com\google\errorprone\error_prone_annotations\2.7.1\error_prone_annotations-2.7.1.jar;C:\Program Files\apache-maven-3.6.3\denpency\com\google\j2objc\j2objc-annotations\1.3\j2objc-annotations-1.3.jar;C:\Program Files\apache-maven-3.6.3\denpency\org\seleniumhq\selenium\selenium-chromium-driver\4.0.0\selenium-chromium-driver-4.0.0.jar;C:\Program Files\apache-maven-3.6.3\denpency\org\seleniumhq\selenium\selenium-json\4.0.0\selenium-json-4.0.0.jar;C:\Program Files\apache-maven-3.6.3\denpency\org\seleniumhq\selenium\selenium-devtools-v85\4.0.0\selenium-devtools-v85-4.0.0.jar;C:\Program Files\apache-maven-3.6.3\denpency\org\seleniumhq\selenium\selenium-devtools-v93\4.0.0\selenium-devtools-v93-4.0.0.jar;C:\Program Files\apache-maven-3.6.3\denpency\org\seleniumhq\selenium\selenium-devtools-v94\4.0.0\selenium-devtools-v94-4.0.0.jar;C:\Program Files\apache-maven-3.6.3\denpency\org\seleniumhq\selenium\selenium-devtools-v95\4.0.0\selenium-devtools-v95-4.0.0.jar;C:\Program Files\apache-maven-3.6.3\denpency\org\seleniumhq\selenium\selenium-edge-driver\4.0.0\selenium-edge-driver-4.0.0.jar;C:\Program Files\apache-maven-3.6.3\denpency\org\seleniumhq\selenium\selenium-firefox-driver\4.0.0\selenium-firefox-driver-4.0.0.jar;C:\Program Files\apache-maven-3.6.3\denpency\org\seleniumhq\selenium\selenium-firefox-xpi-driver\4.0.0\selenium-firefox-xpi-driver-4.0.0.jar;C:\Program Files\apache-maven-3.6.3\denpency\org\seleniumhq\selenium\selenium-ie-driver\4.0.0\selenium-ie-driver-4.0.0.jar;C:\Program Files\apache-maven-3.6.3\denpency\org\seleniumhq\selenium\selenium-opera-driver\4.0.0\selenium-opera-driver-4.0.0.jar;C:\Program Files\apache-maven-3.6.3\denpency\org\seleniumhq\selenium\selenium-remote-driver\4.0.0\selenium-remote-driver-4.0.0.jar;C:\Program Files\apache-maven-3.6.3\denpency\com\beust\jcommander\1.81\jcommander-1.81.jar;C:\Program Files\apache-maven-3.6.3\denpency\io\netty\netty-buffer\4.1.68.Final\netty-buffer-4.1.68.Final.jar;C:\Program Files\apache-maven-3.6.3\denpency\io\netty\netty-codec-http\4.1.67.Final\netty-codec-http-4.1.67.Final.jar;C:\Program Files\apache-maven-3.6.3\denpency\io\netty\netty-codec\4.1.67.Final\netty-codec-4.1.67.Final.jar;C:\Program Files\apache-maven-3.6.3\denpency\io\netty\netty-handler\4.1.67.Final\netty-handler-4.1.67.Final.jar;C:\Program Files\apache-maven-3.6.3\denpency\io\netty\netty-common\4.1.68.Final\netty-common-4.1.68.Final.jar;C:\Program Files\apache-maven-3.6.3\denpency\io\netty\netty-transport-native-epoll\4.1.67.Final\netty-transport-native-epoll-4.1.67.Final.jar;C:\Program Files\apache-maven-3.6.3\denpency\io\netty\netty-transport-native-kqueue\4.1.67.Final\netty-transport-native-kqueue-4.1.67.Final.jar;C:\Program Files\apache-maven-3.6.3\denpency\io\netty\netty-transport-native-unix-common\4.1.67.Final\netty-transport-native-unix-common-4.1.67.Final.jar;C:\Program Files\apache-maven-3.6.3\denpency\io\netty\netty-transport\4.1.68.Final\netty-transport-4.1.68.Final.jar;C:\Program Files\apache-maven-3.6.3\denpency\io\netty\netty-resolver\4.1.68.Final\netty-resolver-4.1.68.Final.jar;C:\Program Files\apache-maven-3.6.3\denpency\io\opentelemetry\opentelemetry-api\1.6.0\opentelemetry-api-1.6.0.jar;C:\Program Files\apache-maven-3.6.3\denpency\io\opentelemetry\opentelemetry-context\1.6.0\opentelemetry-context-1.6.0.jar;C:\Program Files\apache-maven-3.6.3\denpency\io\opentelemetry\opentelemetry-exporter-logging\1.6.0\opentelemetry-exporter-logging-1.6.0.jar;C:\Program Files\apache-maven-3.6.3\denpency\io\opentelemetry\opentelemetry-sdk-metrics\1.6.0-alpha\opentelemetry-sdk-metrics-1.6.0-alpha.jar;C:\Program Files\apache-maven-3.6.3\denpency\io\opentelemetry\opentelemetry-sdk-common\1.6.0\opentelemetry-sdk-common-1.6.0.jar;C:\Program Files\apache-maven-3.6.3\denpency\io\opentelemetry\opentelemetry-sdk-extension-autoconfigure-spi\1.6.0\opentelemetry-sdk-extension-autoconfigure-spi-1.6.0.jar;C:\Program Files\apache-maven-3.6.3\denpency\io\opentelemetry\opentelemetry-sdk-extension-autoconfigure\1.6.0-alpha\opentelemetry-sdk-extension-autoconfigure-1.6.0-alpha.jar;C:\Program Files\apache-maven-3.6.3\denpency\io\opentelemetry\opentelemetry-sdk-trace\1.6.0\opentelemetry-sdk-trace-1.6.0.jar;C:\Program Files\apache-maven-3.6.3\denpency\io\opentelemetry\opentelemetry-api-metrics\1.6.0-alpha\opentelemetry-api-metrics-1.6.0-alpha.jar;C:\Program Files\apache-maven-3.6.3\denpency\io\opentelemetry\opentelemetry-sdk\1.6.0\opentelemetry-sdk-1.6.0.jar;C:\Program Files\apache-maven-3.6.3\denpency\io\opentelemetry\opentelemetry-semconv\1.6.0-alpha\opentelemetry-semconv-1.6.0-alpha.jar;C:\Program Files\apache-maven-3.6.3\denpency\io\ous\jtoml\2.0.0\jtoml-2.0.0.jar;C:\Program Files\apache-maven-3.6.3\denpency\net\bytebuddy\byte-buddy\1.11.19\byte-buddy-1.11.19.jar;C:\Program Files\apache-maven-3.6.3\denpency\org\apache\commons\commons-exec\1.3\commons-exec-1.3.jar;C:\Program Files\apache-maven-3.6.3\denpency\org\asynchttpclient\async-http-client\2.12.3\async-http-client-2.12.3.jar;C:\Program Files\apache-maven-3.6.3\denpency\org\asynchttpclient\async-http-client-netty-utils\2.12.3\async-http-client-netty-utils-2.12.3.jar;C:\Program Files\apache-maven-3.6.3\denpency\io\netty\netty-codec-socks\4.1.60.Final\netty-codec-socks-4.1.60.Final.jar;C:\Program Files\apache-maven-3.6.3\denpency\io\netty\netty-handler-proxy\4.1.60.Final\netty-handler-proxy-4.1.60.Final.jar;C:\Program Files\apache-maven-3.6.3\denpency\io\netty\netty-transport-native-epoll\4.1.60.Final\netty-transport-native-epoll-4.1.60.Final-linux-x86_64.jar;C:\Program Files\apache-maven-3.6.3\denpency\io\netty\netty-transport-native-kqueue\4.1.60.Final\netty-transport-native-kqueue-4.1.60.Final-osx-x86_64.jar;C:\Program Files\apache-maven-3.6.3\denpency\org\reactivestreams\reactive-streams\1.0.3\reactive-streams-1.0.3.jar;C:\Program Files\apache-maven-3.6.3\denpency\com\typesafe\netty\netty-reactive-streams\2.0.4\netty-reactive-streams-2.0.4.jar;C:\Program Files\apache-maven-3.6.3\denpency\org\slf4j\slf4j-api\1.7.30\slf4j-api-1.7.30.jar;C:\Program Files\apache-maven-3.6.3\denpency\com\sun\activation\jakarta.activation\1.2.2\jakarta.activation-1.2.2.jar;C:\Program Files\apache-maven-3.6.3\denpency\org\seleniumhq\selenium\selenium-http\4.0.0\selenium-http-4.0.0.jar;C:\Program Files\apache-maven-3.6.3\denpency\org\seleniumhq\selenium\selenium-safari-driver\4.0.0\selenium-safari-driver-4.0.0.jar;C:\Program Files\apache-maven-3.6.3\denpency\org\seleniumhq\selenium\selenium-support\4.0.0\selenium-support-4.0.0.jar;C:\Program Files\apache-maven-3.6.3\denpency\junit\junit\4.11\junit-4.11.jar;C:\Program Files\apache-maven-3.6.3\denpency\org\hamcrest\hamcrest-core\1.3\hamcrest-core-1.3.jar;"/>
    <property name="java.vm.vendor" value="Oracle Corporation"/>
    <property name="sun.arch.data.model" value="64"/>
    <property name="user.variant" value=""/>
    <property name="java.vendor.url" value="https://java.oracle.com/"/>
    <property name="user.timezone" value="Asia/Shanghai"/>
    <property name="os.name" value="Windows 10"/>
    <property name="java.vm.specification.version" value="18"/>
    <property name="sun.java.launcher" value="SUN_STANDARD"/>
    <property name="user.country" value="CN"/>
    <property name="sun.boot.library.path" value="C:\Program Files\Java\jdk-18.0.2\bin"/>
    <property name="sun.java.command" value="C:\Users\SUZIKA~1\AppData\Local\Temp\surefire17988691841865055040\surefirebooter17593887307836137552.jar C:\Users\SuzikazeSakula\AppData\Local\Temp\surefire17988691841865055040 2022-08-09T10-00-56_384-jvmRun1 surefire6816189032946473642tmp surefire_016776902424663002265tmp"/>
    <property name="jdk.debug" value="release"/>
    <property name="surefire.test.class.path" value="d:\作业\网课资料\javaProject\videoviewer\target\test-classes;d:\作业\网课资料\javaProject\videoviewer\target\classes;C:\Program Files\apache-maven-3.6.3\denpency\org\jsoup\jsoup\1.15.2\jsoup-1.15.2.jar;C:\Program Files\apache-maven-3.6.3\denpency\org\apache\httpcomponents\httpclient\4.5.13\httpclient-4.5.13.jar;C:\Program Files\apache-maven-3.6.3\denpency\org\apache\httpcomponents\httpcore\4.4.13\httpcore-4.4.13.jar;C:\Program Files\apache-maven-3.6.3\denpency\commons-logging\commons-logging\1.2\commons-logging-1.2.jar;C:\Program Files\apache-maven-3.6.3\denpency\commons-codec\commons-codec\1.11\commons-codec-1.11.jar;C:\Program Files\apache-maven-3.6.3\denpency\org\seleniumhq\selenium\selenium-java\4.0.0\selenium-java-4.0.0.jar;C:\Program Files\apache-maven-3.6.3\denpency\org\seleniumhq\selenium\selenium-api\4.0.0\selenium-api-4.0.0.jar;C:\Program Files\apache-maven-3.6.3\denpency\org\seleniumhq\selenium\selenium-chrome-driver\4.0.0\selenium-chrome-driver-4.0.0.jar;C:\Program Files\apache-maven-3.6.3\denpency\com\google\auto\service\auto-service-annotations\1.0\auto-service-annotations-1.0.jar;C:\Program Files\apache-maven-3.6.3\denpency\com\google\auto\service\auto-service\1.0\auto-service-1.0.jar;C:\Program Files\apache-maven-3.6.3\denpency\com\google\auto\auto-common\1.0\auto-common-1.0.jar;C:\Program Files\apache-maven-3.6.3\denpency\com\google\guava\guava\31.0.1-jre\guava-31.0.1-jre.jar;C:\Program Files\apache-maven-3.6.3\denpency\com\google\guava\failureaccess\1.0.1\failureaccess-1.0.1.jar;C:\Program Files\apache-maven-3.6.3\denpency\com\google\guava\listenablefuture\9999.0-empty-to-avoid-conflict-with-guava\listenablefuture-9999.0-empty-to-avoid-conflict-with-guava.jar;C:\Program Files\apache-maven-3.6.3\denpency\com\google\code\findbugs\jsr305\3.0.2\jsr305-3.0.2.jar;C:\Program Files\apache-maven-3.6.3\denpency\org\checkerframework\checker-qual\3.12.0\checker-qual-3.12.0.jar;C:\Program Files\apache-maven-3.6.3\denpency\com\google\errorprone\error_prone_annotations\2.7.1\error_prone_annotations-2.7.1.jar;C:\Program Files\apache-maven-3.6.3\denpency\com\google\j2objc\j2objc-annotations\1.3\j2objc-annotations-1.3.jar;C:\Program Files\apache-maven-3.6.3\denpency\org\seleniumhq\selenium\selenium-chromium-driver\4.0.0\selenium-chromium-driver-4.0.0.jar;C:\Program Files\apache-maven-3.6.3\denpency\org\seleniumhq\selenium\selenium-json\4.0.0\selenium-json-4.0.0.jar;C:\Program Files\apache-maven-3.6.3\denpency\org\seleniumhq\selenium\selenium-devtools-v85\4.0.0\selenium-devtools-v85-4.0.0.jar;C:\Program Files\apache-maven-3.6.3\denpency\org\seleniumhq\selenium\selenium-devtools-v93\4.0.0\selenium-devtools-v93-4.0.0.jar;C:\Program Files\apache-maven-3.6.3\denpency\org\seleniumhq\selenium\selenium-devtools-v94\4.0.0\selenium-devtools-v94-4.0.0.jar;C:\Program Files\apache-maven-3.6.3\denpency\org\seleniumhq\selenium\selenium-devtools-v95\4.0.0\selenium-devtools-v95-4.0.0.jar;C:\Program Files\apache-maven-3.6.3\denpency\org\seleniumhq\selenium\selenium-edge-driver\4.0.0\selenium-edge-driver-4.0.0.jar;C:\Program Files\apache-maven-3.6.3\denpency\org\seleniumhq\selenium\selenium-firefox-driver\4.0.0\selenium-firefox-driver-4.0.0.jar;C:\Program Files\apache-maven-3.6.3\denpency\org\seleniumhq\selenium\selenium-firefox-xpi-driver\4.0.0\selenium-firefox-xpi-driver-4.0.0.jar;C:\Program Files\apache-maven-3.6.3\denpency\org\seleniumhq\selenium\selenium-ie-driver\4.0.0\selenium-ie-driver-4.0.0.jar;C:\Program Files\apache-maven-3.6.3\denpency\org\seleniumhq\selenium\selenium-opera-driver\4.0.0\selenium-opera-driver-4.0.0.jar;C:\Program Files\apache-maven-3.6.3\denpency\org\seleniumhq\selenium\selenium-remote-driver\4.0.0\selenium-remote-driver-4.0.0.jar;C:\Program Files\apache-maven-3.6.3\denpency\com\beust\jcommander\1.81\jcommander-1.81.jar;C:\Program Files\apache-maven-3.6.3\denpency\io\netty\netty-buffer\4.1.68.Final\netty-buffer-4.1.68.Final.jar;C:\Program Files\apache-maven-3.6.3\denpency\io\netty\netty-codec-http\4.1.67.Final\netty-codec-http-4.1.67.Final.jar;C:\Program Files\apache-maven-3.6.3\denpency\io\netty\netty-codec\4.1.67.Final\netty-codec-4.1.67.Final.jar;C:\Program Files\apache-maven-3.6.3\denpency\io\netty\netty-handler\4.1.67.Final\netty-handler-4.1.67.Final.jar;C:\Program Files\apache-maven-3.6.3\denpency\io\netty\netty-common\4.1.68.Final\netty-common-4.1.68.Final.jar;C:\Program Files\apache-maven-3.6.3\denpency\io\netty\netty-transport-native-epoll\4.1.67.Final\netty-transport-native-epoll-4.1.67.Final.jar;C:\Program Files\apache-maven-3.6.3\denpency\io\netty\netty-transport-native-kqueue\4.1.67.Final\netty-transport-native-kqueue-4.1.67.Final.jar;C:\Program Files\apache-maven-3.6.3\denpency\io\netty\netty-transport-native-unix-common\4.1.67.Final\netty-transport-native-unix-common-4.1.67.Final.jar;C:\Program Files\apache-maven-3.6.3\denpency\io\netty\netty-transport\4.1.68.Final\netty-transport-4.1.68.Final.jar;C:\Program Files\apache-maven-3.6.3\denpency\io\netty\netty-resolver\4.1.68.Final\netty-resolver-4.1.68.Final.jar;C:\Program Files\apache-maven-3.6.3\denpency\io\opentelemetry\opentelemetry-api\1.6.0\opentelemetry-api-1.6.0.jar;C:\Program Files\apache-maven-3.6.3\denpency\io\opentelemetry\opentelemetry-context\1.6.0\opentelemetry-context-1.6.0.jar;C:\Program Files\apache-maven-3.6.3\denpency\io\opentelemetry\opentelemetry-exporter-logging\1.6.0\opentelemetry-exporter-logging-1.6.0.jar;C:\Program Files\apache-maven-3.6.3\denpency\io\opentelemetry\opentelemetry-sdk-metrics\1.6.0-alpha\opentelemetry-sdk-metrics-1.6.0-alpha.jar;C:\Program Files\apache-maven-3.6.3\denpency\io\opentelemetry\opentelemetry-sdk-common\1.6.0\opentelemetry-sdk-common-1.6.0.jar;C:\Program Files\apache-maven-3.6.3\denpency\io\opentelemetry\opentelemetry-sdk-extension-autoconfigure-spi\1.6.0\opentelemetry-sdk-extension-autoconfigure-spi-1.6.0.jar;C:\Program Files\apache-maven-3.6.3\denpency\io\opentelemetry\opentelemetry-sdk-extension-autoconfigure\1.6.0-alpha\opentelemetry-sdk-extension-autoconfigure-1.6.0-alpha.jar;C:\Program Files\apache-maven-3.6.3\denpency\io\opentelemetry\opentelemetry-sdk-trace\1.6.0\opentelemetry-sdk-trace-1.6.0.jar;C:\Program Files\apache-maven-3.6.3\denpency\io\opentelemetry\opentelemetry-api-metrics\1.6.0-alpha\opentelemetry-api-metrics-1.6.0-alpha.jar;C:\Program Files\apache-maven-3.6.3\denpency\io\opentelemetry\opentelemetry-sdk\1.6.0\opentelemetry-sdk-1.6.0.jar;C:\Program Files\apache-maven-3.6.3\denpency\io\opentelemetry\opentelemetry-semconv\1.6.0-alpha\opentelemetry-semconv-1.6.0-alpha.jar;C:\Program Files\apache-maven-3.6.3\denpency\io\ous\jtoml\2.0.0\jtoml-2.0.0.jar;C:\Program Files\apache-maven-3.6.3\denpency\net\bytebuddy\byte-buddy\1.11.19\byte-buddy-1.11.19.jar;C:\Program Files\apache-maven-3.6.3\denpency\org\apache\commons\commons-exec\1.3\commons-exec-1.3.jar;C:\Program Files\apache-maven-3.6.3\denpency\org\asynchttpclient\async-http-client\2.12.3\async-http-client-2.12.3.jar;C:\Program Files\apache-maven-3.6.3\denpency\org\asynchttpclient\async-http-client-netty-utils\2.12.3\async-http-client-netty-utils-2.12.3.jar;C:\Program Files\apache-maven-3.6.3\denpency\io\netty\netty-codec-socks\4.1.60.Final\netty-codec-socks-4.1.60.Final.jar;C:\Program Files\apache-maven-3.6.3\denpency\io\netty\netty-handler-proxy\4.1.60.Final\netty-handler-proxy-4.1.60.Final.jar;C:\Program Files\apache-maven-3.6.3\denpency\io\netty\netty-transport-native-epoll\4.1.60.Final\netty-transport-native-epoll-4.1.60.Final-linux-x86_64.jar;C:\Program Files\apache-maven-3.6.3\denpency\io\netty\netty-transport-native-kqueue\4.1.60.Final\netty-transport-native-kqueue-4.1.60.Final-osx-x86_64.jar;C:\Program Files\apache-maven-3.6.3\denpency\org\reactivestreams\reactive-streams\1.0.3\reactive-streams-1.0.3.jar;C:\Program Files\apache-maven-3.6.3\denpency\com\typesafe\netty\netty-reactive-streams\2.0.4\netty-reactive-streams-2.0.4.jar;C:\Program Files\apache-maven-3.6.3\denpency\org\slf4j\slf4j-api\1.7.30\slf4j-api-1.7.30.jar;C:\Program Files\apache-maven-3.6.3\denpency\com\sun\activation\jakarta.activation\1.2.2\jakarta.activation-1.2.2.jar;C:\Program Files\apache-maven-3.6.3\denpency\org\seleniumhq\selenium\selenium-http\4.0.0\selenium-http-4.0.0.jar;C:\Program Files\apache-maven-3.6.3\denpency\org\seleniumhq\selenium\selenium-safari-driver\4.0.0\selenium-safari-driver-4.0.0.jar;C:\Program Files\apache-maven-3.6.3\denpency\org\seleniumhq\selenium\selenium-support\4.0.0\selenium-support-4.0.0.jar;C:\Program Files\apache-maven-3.6.3\denpency\junit\junit\4.11\junit-4.11.jar;C:\Program Files\apache-maven-3.6.3\denpency\org\hamcrest\hamcrest-core\1.3\hamcrest-core-1.3.jar;"/>
    <property name="sun.cpu.endian" value="little"/>
    <property name="user.home" value="C:\Users\SuzikazeSakula"/>
    <property name="user.language" value="zh"/>
    <property name="java.specification.vendor" value="Oracle Corporation"/>
    <property name="java.version.date" value="2022-07-19"/>
    <property name="java.home" value="C:\Program Files\Java\jdk-18.0.2"/>
    <property name="file.separator" value="\"/>
    <property name="basedir" value="d:\作业\网课资料\javaProject\videoviewer"/>
    <property name="java.vm.compressedOopsMode" value="Zero based"/>
    <property name="line.separator" value="&#10;"/>
    <property name="java.vm.specification.vendor" value="Oracle Corporation"/>
    <property name="java.specification.name" value="Java Platform API Specification"/>
    <property name="surefire.real.class.path" value="C:\Users\SUZIKA~1\AppData\Local\Temp\surefire17988691841865055040\surefirebooter17593887307836137552.jar"/>
    <property name="user.script" value=""/>
    <property name="sun.management.compiler" value="HotSpot 64-Bit Tiered Compilers"/>
    <property name="java.runtime.version" value="18.0.2+9-61"/>
    <property name="user.name" value="SuzikazeSakula"/>
    <property name="path.separator" value=";"/>
    <property name="os.version" value="10.0"/>
    <property name="java.runtime.name" value="Java(TM) SE Runtime Environment"/>
    <property name="file.encoding" value="UTF-8"/>
    <property name="java.vm.name" value="Java HotSpot(TM) 64-Bit Server VM"/>
    <property name="localRepository" value="C:\Program Files\apache-maven-3.6.3\denpency"/>
    <property name="java.vendor.url.bug" value="https://bugreport.java.com/bugreport/"/>
    <property name="java.io.tmpdir" value="C:\Users\SUZIKA~1\AppData\Local\Temp\"/>
    <property name="java.version" value="18.0.2"/>
    <property name="user.dir" value="d:\作业\网课资料\javaProject\videoviewer"/>
    <property name="os.arch" value="amd64"/>
    <property name="java.vm.specification.name" value="Java Virtual Machine Specification"/>
    <property name="sun.os.patch.level" value=""/>
    <property name="native.encoding" value="GBK"/>
    <property name="java.library.path" value="C:\Program Files\Java\jdk-18.0.2\bin;C:\WINDOWS\Sun\Java\bin;C:\WINDOWS\system32;C:\WINDOWS;C:\Program Files\Common Files\Oracle\Java\javapath;F:\CTEX\MiKTeX\miktex\bin\;C:\Program Files\NVIDIA Corporation\NVIDIA NvDLISR;C:\Program Files (x86)\NVIDIA Corporation\PhysX\Common;C:\Program Files\dotnet\;C:\Program Files (x86)\ZeroTier\One\;C:\Windows\System32;C:\Program Files (x86)\Reference Assemblies\Microsoft\Framework\.NETFramework\v4.7.1;F:\Git\cmd;C:\Program Files\apache-maven-3.6.3\bin\;F:\Anaconda;F:\Anaconda\Library\mingw-w64\bin;F:\Anaconda\Library\usr\bin;F:\Anaconda\Library\bin;F:\Anaconda\Scripts;C:\Users\SuzikazeSakula\AppData\Local\Microsoft\WindowsApps;F:\Microsoft VS Code\bin;C:\Users\SuzikazeSakula\.dotnet\tools;D:\Bandizip\;C:\Users\SuzikazeSakula\AppData\Local\Microsoft\WindowsApps;C:\Users\SuzikazeSakula\.dotnet\tools;C:\Program Files (x86)\Reference Assemblies\Microsoft\Framework\.NETFramework\v4.7.1;C:\Program Files\apache-maven-3.6.3\bin\;;."/>
    <property name="java.vm.info" value="mixed mode, sharing"/>
    <property name="java.vendor" value="Oracle Corporation"/>
    <property name="java.vm.version" value="18.0.2+9-61"/>
    <property name="sun.io.unicode.encoding" value="UnicodeLittle"/>
    <property name="java.class.version" value="62.0"/>
  </properties>
  <testcase name="shouldAnswerWithTrue" classname="com.ayan.AppTest" time="7.756">
    <error message="/ by zero" type="java.lang.ArithmeticException">java.lang.ArithmeticException: / by zero
	at com.ayan.AppTest.shouldAnswerWithTrue(AppTest.java:20)
</error>
    <system-out><![CDATA[[-]Start Initialization ............................................................]]></system-out>
    <system-err><![CDATA[org.jsoup.HttpStatusException: HTTP error fetching URL. Status=503, URL=[https://proxy.ip3366.net/free/?action=china&page=57]
	at org.jsoup.helper.HttpConnection$Response.execute(HttpConnection.java:890)
	at org.jsoup.helper.HttpConnection$Response.execute(HttpConnection.java:829)
	at org.jsoup.helper.HttpConnection.execute(HttpConnection.java:366)
	at org.jsoup.helper.HttpConnection.get(HttpConnection.java:353)
	at com.ayan.utils.IpPool.getProxyIp(IpPool.java:69)
	at com.ayan.user.UserView.main(UserView.java:27)
	at com.ayan.AppTest.shouldAnswerWithTrue(AppTest.java:20)
	at java.base/jdk.internal.reflect.DirectMethodHandleAccessor.invoke(DirectMethodHandleAccessor.java:104)
	at java.base/java.lang.reflect.Method.invoke(Method.java:577)
	at org.junit.runners.model.FrameworkMethod$1.runReflectiveCall(FrameworkMethod.java:47)
	at org.junit.internal.runners.model.ReflectiveCallable.run(ReflectiveCallable.java:12)
	at org.junit.runners.model.FrameworkMethod.invokeExplosively(FrameworkMethod.java:44)
	at org.junit.internal.runners.statements.InvokeMethod.evaluate(InvokeMethod.java:17)
	at org.junit.runners.ParentRunner.runLeaf(ParentRunner.java:271)
	at org.junit.runners.BlockJUnit4ClassRunner.runChild(BlockJUnit4ClassRunner.java:70)
	at org.junit.runners.BlockJUnit4ClassRunner.runChild(BlockJUnit4ClassRunner.java:50)
	at org.junit.runners.ParentRunner$3.run(ParentRunner.java:238)
	at org.junit.runners.ParentRunner$1.schedule(ParentRunner.java:63)
	at org.junit.runners.ParentRunner.runChildren(ParentRunner.java:236)
	at org.junit.runners.ParentRunner.access$000(ParentRunner.java:53)
	at org.junit.runners.ParentRunner$2.evaluate(ParentRunner.java:229)
	at org.junit.runners.ParentRunner.run(ParentRunner.java:309)
	at org.apache.maven.surefire.junit4.JUnit4Provider.execute(JUnit4Provider.java:365)
	at org.apache.maven.surefire.junit4.JUnit4Provider.executeWithRerun(JUnit4Provider.java:273)
	at org.apache.maven.surefire.junit4.JUnit4Provider.executeTestSet(JUnit4Provider.java:238)
	at org.apache.maven.surefire.junit4.JUnit4Provider.invoke(JUnit4Provider.java:159)
	at org.apache.maven.surefire.booter.ForkedBooter.invokeProviderInSameClassLoader(ForkedBooter.java:384)
	at org.apache.maven.surefire.booter.ForkedBooter.runSuitesInProcess(ForkedBooter.java:345)
	at org.apache.maven.surefire.booter.ForkedBooter.execute(ForkedBooter.java:126)
	at org.apache.maven.surefire.booter.ForkedBooter.main(ForkedBooter.java:418)
]]></system-err>
  </testcase>
</testsuite>